<?xml version="1.0" encoding="UTF-8"?>
<!-- Generated by org.testng.reporters.JUnitXMLReporter -->
<testsuite ignored="3" hostname="MRSC02DQ6PVMD6R.local" failures="0" tests="0" time="0.013" errors="0" timestamp="2024-12-26T15:27:43 CET">
  <testcase classname="com.qa.tests.LoginTest" name="testInvalidUsername" time="0.0">
    <ignored/>
  </testcase> <!-- testInvalidUsername -->
  <testcase classname="com.qa.tests.LoginTest" name="testInvalidPassword" time="0.0">
    <ignored/>
  </testcase> <!-- testInvalidPassword -->
  <testcase classname="com.qa.tests.LoginTest" name="testValidUser" time="0.0">
    <ignored/>
  </testcase> <!-- testValidUser -->
</testsuite>
