<?xml version="1.0" encoding="UTF-8"?>
<!-- Generated by org.testng.reporters.JUnitXMLReporter -->
<testsuite ignored="2" hostname="MRSC02DQ6PVMD6R.local" failures="0" tests="1" name="Platform13" time="0.08" errors="0" timestamp="2025-01-06T19:04:24 CET">
  <testcase classname="com.qa.tests.ProductsTest" name="testValidateProductsOnProductDetailPageIOS" time="0.0">
    <skipped/>
  </testcase> <!-- testValidateProductsOnProductDetailPageIOS -->
  <testcase classname="com.qa.tests.ProductsTest" name="testValidateProductsOnProductPage" time="0.0">
    <ignored/>
  </testcase> <!-- testValidateProductsOnProductPage -->
  <testcase classname="com.qa.tests.ProductsTest" name="testValidateProductsOnProductDetailPage" time="0.0">
    <ignored/>
  </testcase> <!-- testValidateProductsOnProductDetailPage -->
</testsuite> <!-- Platform13 -->
